<?xml version="1.0" encoding="UTF-8"?>
<!-- Generated by org.testng.reporters.JUnitReportReporter -->
<testsuite hostname="LAPTOP-NTJPIB27" name="co.testcase.xztiTestCase" tests="1" failures="0" timestamp="4 Mar 2019 06:20:50 GMT" time="10.640" errors="0">
  <testcase name="test" time="10.640" classname="co.testcase.xztiTestCase"/>
</testsuite> <!-- co.testcase.xztiTestCase -->
