<?xml version="1.0" encoding="UTF-8"?>
<!-- Generated by org.testng.reporters.JUnitReportReporter -->
<testsuite hostname="LAPTOP-NTJPIB27" name="com.test02" tests="1" failures="0" timestamp="28 Feb 2019 02:54:38 GMT" time="10.058" errors="0">
  <testcase name="a" time="10.058" classname="com.test02"/>
</testsuite> <!-- com.test02 -->
