<?xml version="1.0" encoding="UTF-8"?>
<!-- Generated by org.testng.reporters.JUnitReportReporter -->
<testsuite hostname="LAPTOP-NTJPIB27" name="co.testcase.yetestCase" tests="1" failures="0" timestamp="5 Mar 2019 08:18:21 GMT" time="0.646" errors="0">
  <testcase name="f" time="0.646" classname="co.testcase.yetestCase"/>
</testsuite> <!-- co.testcase.yetestCase -->
