<?xml version="1.0" encoding="UTF-8"?>
<!-- Generated by org.testng.reporters.JUnitReportReporter -->
<testsuite hostname="LAPTOP-NTJPIB27" name="co.testcase.xsxzglCase" tests="1" failures="0" timestamp="5 Mar 2019 08:18:21 GMT" time="11.751" errors="0">
  <testcase name="tyong" time="11.751" classname="co.testcase.xsxzglCase"/>
</testsuite> <!-- co.testcase.xsxzglCase -->
