<?xml version="1.0" encoding="UTF-8"?>
<!-- Generated by org.testng.reporters.JUnitReportReporter -->
<testsuite hostname="LAPTOP-NTJPIB27" name="co.testcase.logintestcase" tests="1" failures="0" timestamp="5 Mar 2019 08:18:21 GMT" time="9.848" errors="0">
  <testcase name="qq" time="9.848" classname="co.testcase.logintestcase"/>
</testsuite> <!-- co.testcase.logintestcase -->
